<?xml version="1.0" encoding="UTF-8"?>
<testng-results skipped="0" failed="0" ignored="0" total="1" passed="1">
  <reporter-output>
  </reporter-output>
  <suite name="Default suite" duration-ms="21070" started-at="2019-05-19T08:56:17Z" finished-at="2019-05-19T08:56:38Z">
    <groups>
    </groups>
    <test name="Default test" duration-ms="21070" started-at="2019-05-19T08:56:17Z" finished-at="2019-05-19T08:56:38Z">
      <class name="OnlineStore.AppTest">
        <test-method status="PASS" signature="initializeTest()[pri:0, instance:OnlineStore.AppTest@42d80b78]" name="initializeTest" is-config="true" duration-ms="20206" started-at="2019-05-19T08:56:17Z" finished-at="2019-05-19T08:56:37Z">
          <reporter-output>
          </reporter-output>
        </test-method> <!-- initializeTest -->
        <test-method status="PASS" signature="SeleniumTest()[pri:0, instance:OnlineStore.AppTest@42d80b78]" name="SeleniumTest" duration-ms="13" started-at="2019-05-19T08:56:37Z" finished-at="2019-05-19T08:56:37Z">
          <reporter-output>
          </reporter-output>
        </test-method> <!-- SeleniumTest -->
        <test-method status="PASS" signature="tearDownTest()[pri:0, instance:OnlineStore.AppTest@42d80b78]" name="tearDownTest" is-config="true" duration-ms="802" started-at="2019-05-19T08:56:37Z" finished-at="2019-05-19T08:56:38Z">
          <reporter-output>
          </reporter-output>
        </test-method> <!-- tearDownTest -->
      </class> <!-- OnlineStore.AppTest -->
    </test> <!-- Default test -->
  </suite> <!-- Default suite -->
</testng-results>
